# JRE version: OpenJDK Runtime Environment (8.0_152-b01) (build 1.8.0_152-release-915-b01)
# Java VM: OpenJDK 64-Bit Server VM (25.152-b01 mixed mode linux-amd64 compressed oops)
Heap:
 PSYoungGen      total 249856K, used 11772K [0x00000000eab00000, 0x00000000faa80000, 0x0000000100000000)
  eden space 238080K, 0% used [0x00000000eab00000,0x00000000eab00000,0x00000000f9380000)
  from space 11776K, 99% used [0x00000000f9380000,0x00000000f9eff2f8,0x00000000f9f00000)
  to   space 5632K, 0% used [0x00000000fa500000,0x00000000fa500000,0x00000000faa80000)
 ParOldGen       total 47616K, used 34316K [0x00000000c0000000, 0x00000000c2e80000, 0x00000000eab00000)
  object space 47616K, 72% used [0x00000000c0000000,0x00000000c21831c0,0x00000000c2e80000)
 Metaspace       used 55950K, capacity 57568K, committed 57856K, reserved 1099776K
  class space    used 7361K, capacity 7869K, committed 7936K, reserved 1048576K
GC Heap History (10 events):
Event: 26.739 GC heap after
Heap after GC invocations=10 (full 1):
 PSYoungGen      total 125440K, used 8176K [0x00000000eab00000, 0x00000000f6c80000, 0x0000000100000000)
  eden space 117248K, 0% used [0x00000000eab00000,0x00000000eab00000,0x00000000f1d80000)
  from space 8192K, 99% used [0x00000000f1d80000,0x00000000f257c358,0x00000000f2580000)
  to   space 11776K, 0% used [0x00000000f6100000,0x00000000f6100000,0x00000000f6c80000)
 ParOldGen       total 31232K, used 16511K [0x00000000c0000000, 0x00000000c1e80000, 0x00000000eab00000)
  object space 31232K, 52% used [0x00000000c0000000,0x00000000c101fce8,0x00000000c1e80000)
 Metaspace       used 34504K, capacity 35314K, committed 35416K, reserved 1079296K
  class space    used 4749K, capacity 5049K, committed 5120K, reserved 1048576K
}
Event: 26.739 GC heap before
{Heap before GC invocations=11 (full 2):
 PSYoungGen      total 125440K, used 8176K [0x00000000eab00000, 0x00000000f6c80000, 0x0000000100000000)
  eden space 117248K, 0% used [0x00000000eab00000,0x00000000eab00000,0x00000000f1d80000)
  from space 8192K, 99% used [0x00000000f1d80000,0x00000000f257c358,0x00000000f2580000)
  to   space 11776K, 0% used [0x00000000f6100000,0x00000000f6100000,0x00000000f6c80000)
 ParOldGen       total 31232K, used 16511K [0x00000000c0000000, 0x00000000c1e80000, 0x00000000eab00000)
  object space 31232K, 52% used [0x00000000c0000000,0x00000000c101fce8,0x00000000c1e80000)
 Metaspace       used 34504K, capacity 35314K, committed 35416K, reserved 1079296K
  class space    used 4749K, capacity 5049K, committed 5120K, reserved 1048576K
Event: 26.887 GC heap after
Heap after GC invocations=11 (full 2):
 PSYoungGen      total 125440K, used 0K [0x00000000eab00000, 0x00000000f6c80000, 0x0000000100000000)
  eden space 117248K, 0% used [0x00000000eab00000,0x00000000eab00000,0x00000000f1d80000)
  from space 8192K, 0% used [0x00000000f1d80000,0x00000000f1d80000,0x00000000f2580000)
  to   space 11776K, 0% used [0x00000000f6100000,0x00000000f6100000,0x00000000f6c80000)
 ParOldGen       total 47616K, used 21053K [0x00000000c0000000, 0x00000000c2e80000, 0x00000000eab00000)
  object space 47616K, 44% used [0x00000000c0000000,0x00000000c148f480,0x00000000c2e80000)
 Metaspace       used 34485K, capacity 35292K, committed 35416K, reserved 1079296K
  class space    used 4743K, capacity 5043K, committed 5120K, reserved 1048576K
}
Event: 139.045 GC heap before
{Heap before GC invocations=12 (full 2):
 PSYoungGen      total 125440K, used 117248K [0x00000000eab00000, 0x00000000f6c80000, 0x0000000100000000)
  eden space 117248K, 100% used [0x00000000eab00000,0x00000000f1d80000,0x00000000f1d80000)
  from space 8192K, 0% used [0x00000000f1d80000,0x00000000f1d80000,0x00000000f2580000)
  to   space 11776K, 0% used [0x00000000f6100000,0x00000000f6100000,0x00000000f6c80000)
 ParOldGen       total 47616K, used 21053K [0x00000000c0000000, 0x00000000c2e80000, 0x00000000eab00000)
  object space 47616K, 44% used [0x00000000c0000000,0x00000000c148f480,0x00000000c2e80000)
 Metaspace       used 38610K, capacity 39612K, committed 39808K, reserved 1083392K
  class space    used 5102K, capacity 5447K, committed 5504K, reserved 1048576K
Event: 139.072 GC heap after
Heap after GC invocations=12 (full 2):
 PSYoungGen      total 179200K, used 4572K [0x00000000eab00000, 0x00000000f6880000, 0x0000000100000000)
  eden space 171520K, 0% used [0x00000000eab00000,0x00000000eab00000,0x00000000f5280000)
  from space 7680K, 59% used [0x00000000f6100000,0x00000000f65771a0,0x00000000f6880000)
  to   space 11264K, 0% used [0x00000000f5280000,0x00000000f5280000,0x00000000f5d80000)
 ParOldGen       total 47616K, used 21133K [0x00000000c0000000, 0x00000000c2e80000, 0x00000000eab00000)
  object space 47616K, 44% used [0x00000000c0000000,0x00000000c14a3490,0x00000000c2e80000)
 Metaspace       used 38610K, capacity 39612K, committed 39808K, reserved 1083392K
  class space    used 5102K, capacity 5447K, committed 5504K, reserved 1048576K
}
Event: 230.779 GC heap before
{Heap before GC invocations=13 (full 2):
 PSYoungGen      total 179200K, used 176092K [0x00000000eab00000, 0x00000000f6880000, 0x0000000100000000)
  eden space 171520K, 100% used [0x00000000eab00000,0x00000000f5280000,0x00000000f5280000)
  from space 7680K, 59% used [0x00000000f6100000,0x00000000f65771a0,0x00000000f6880000)
  to   space 11264K, 0% used [0x00000000f5280000,0x00000000f5280000,0x00000000f5d80000)
 ParOldGen       total 47616K, used 21133K [0x00000000c0000000, 0x00000000c2e80000, 0x00000000eab00000)
  object space 47616K, 44% used [0x00000000c0000000,0x00000000c14a3490,0x00000000c2e80000)
 Metaspace       used 38733K, capacity 39676K, committed 40064K, reserved 1083392K
  class space    used 5102K, capacity 5447K, committed 5504K, reserved 1048576K
Event: 230.790 GC heap after
Heap after GC invocations=13 (full 2):
 PSYoungGen      total 182784K, used 160K [0x00000000eab00000, 0x00000000fb080000, 0x0000000100000000)
  eden space 171520K, 0% used [0x00000000eab00000,0x00000000eab00000,0x00000000f5280000)
  from space 11264K, 1% used [0x00000000f5280000,0x00000000f52a8000,0x00000000f5d80000)
  to   space 11776K, 0% used [0x00000000fa500000,0x00000000fa500000,0x00000000fb080000)
 ParOldGen       total 47616K, used 23594K [0x00000000c0000000, 0x00000000c2e80000, 0x00000000eab00000)
  object space 47616K, 49% used [0x00000000c0000000,0x00000000c170abb0,0x00000000c2e80000)
 Metaspace       used 38733K, capacity 39676K, committed 40064K, reserved 1083392K
  class space    used 5102K, capacity 5447K, committed 5504K, reserved 1048576K
}
Event: 282.734 GC heap before
{Heap before GC invocations=14 (full 2):
 PSYoungGen      total 182784K, used 171680K [0x00000000eab00000, 0x00000000fb080000, 0x0000000100000000)
  eden space 171520K, 100% used [0x00000000eab00000,0x00000000f5280000,0x00000000f5280000)
  from space 11264K, 1% used [0x00000000f5280000,0x00000000f52a8000,0x00000000f5d80000)
  to   space 11776K, 0% used [0x00000000fa500000,0x00000000fa500000,0x00000000fb080000)
 ParOldGen       total 47616K, used 23594K [0x00000000c0000000, 0x00000000c2e80000, 0x00000000eab00000)
  object space 47616K, 49% used [0x00000000c0000000,0x00000000c170abb0,0x00000000c2e80000)
 Metaspace       used 38986K, capacity 39868K, committed 40064K, reserved 1083392K
  class space    used 5121K, capacity 5447K, committed 5504K, reserved 1048576K
Event: 282.756 GC heap after
Heap after GC invocations=14 (full 2):
 PSYoungGen      total 243712K, used 2000K [0x00000000eab00000, 0x00000000faa80000, 0x0000000100000000)
  eden space 238080K, 0% used [0x00000000eab00000,0x00000000eab00000,0x00000000f9380000)
  from space 5632K, 35% used [0x00000000fa500000,0x00000000fa6f4040,0x00000000faa80000)
  to   space 11776K, 0% used [0x00000000f9380000,0x00000000f9380000,0x00000000f9f00000)
 ParOldGen       total 47616K, used 23650K [0x00000000c0000000, 0x00000000c2e80000, 0x00000000eab00000)
  object space 47616K, 49% used [0x00000000c0000000,0x00000000c1718bb0,0x00000000c2e80000)
 Metaspace       used 38986K, capacity 39868K, committed 40064K, reserved 1083392K
  class space    used 5121K, capacity 5447K, committed 5504K, reserved 1048576K
}
Event: 299.375 GC heap before
{Heap before GC invocations=15 (full 2):
 PSYoungGen      total 243712K, used 240080K [0x00000000eab00000, 0x00000000faa80000, 0x0000000100000000)
  eden space 238080K, 100% used [0x00000000eab00000,0x00000000f9380000,0x00000000f9380000)
  from space 5632K, 35% used [0x00000000fa500000,0x00000000fa6f4040,0x00000000faa80000)
  to   space 11776K, 0% used [0x00000000f9380000,0x00000000f9380000,0x00000000f9f00000)
 ParOldGen       total 47616K, used 23650K [0x00000000c0000000, 0x00000000c2e80000, 0x00000000eab00000)
  object space 47616K, 49% used [0x00000000c0000000,0x00000000c1718bb0,0x00000000c2e80000)
 Metaspace       used 55950K, capacity 57568K, committed 57856K, reserved 1099776K
  class space    used 7361K, capacity 7869K, committed 7936K, reserved 1048576K

